Arguments: 
  /data/data/com.termux/files/usr/bin/node /data/data/com.termux/files/home/.yarn/releases/yarn-1.22.11.cjs init

PATH: 
  /data/data/com.termux/files/usr/bin

Yarn version: 
  1.22.11

Node version: 
  17.0.1

Platform: 
  android arm64

Trace: 
  Error: canceled
      at Interface.<anonymous> (/data/data/com.termux/files/home/.yarn/releases/yarn-1.22.11.cjs:131434:13)
      at Interface.emit (node:events:390:28)
      at Interface.[_ttyWrite] [as _ttyWrite] (node:internal/readline/interface:973:18)
      at ReadStream.onkeypress (node:internal/readline/interface:240:20)
      at ReadStream.emit (node:events:390:28)
      at emitKeys (node:internal/readline/utils:358:14)
      at emitKeys.next (<anonymous>)
      at ReadStream.onData (node:internal/readline/emitKeypressEvents:64:36)
      at ReadStream.emit (node:events:390:28)
      at addChunk (node:internal/streams/readable:324:12)

npm manifest: 
  No manifest

yarn manifest: 
  No manifest

Lockfile: 
  No lockfile
